TN:
SF:src\Functions\CheckPremium\regularPremium.ts
FN:3,(anonymous_0)
FN:5,(anonymous_2)
FNF:2
FNH:2
FNDA:15,(anonymous_0)
FNDA:13,(anonymous_2)
DA:3,2
DA:5,2
DA:6,13
DA:9,2
LF:4
LH:4
BRDA:6,0,0,13
BRDA:6,0,1,0
BRF:2
BRH:1
end_of_record
TN:
SF:src\Functions\CheckPremium\studentPremium.ts
FN:3,(anonymous_0)
FN:5,(anonymous_2)
FNF:2
FNH:2
FNDA:18,(anonymous_0)
FNDA:12,(anonymous_2)
DA:3,2
DA:5,2
DA:6,12
DA:8,2
LF:4
LH:4
BRDA:6,0,0,5
BRDA:6,0,1,7
BRF:2
BRH:2
end_of_record
TN:
SF:src\Functions\ExportOrder\exportToJSON.ts
FN:7,(anonymous_0)
FN:8,(anonymous_2)
FNF:2
FNH:2
FNDA:4,(anonymous_0)
FNDA:2,(anonymous_2)
DA:1,2
DA:2,2
DA:7,2
DA:8,2
DA:9,2
DA:10,2
DA:11,2
DA:13,0
DA:16,2
LF:9
LH:8
BRF:0
BRH:0
end_of_record
TN:
SF:src\Functions\ExportOrder\exportToPlainText.ts
FN:6,(anonymous_0)
FN:7,(anonymous_2)
FNF:2
FNH:2
FNDA:4,(anonymous_0)
FNDA:2,(anonymous_2)
DA:1,2
DA:6,2
DA:7,2
DA:8,2
DA:9,2
DA:11,0
DA:14,2
LF:7
LH:6
BRF:0
BRH:0
end_of_record
TN:
SF:src\Functions\OrderState\CancelledState.ts
FN:4,(anonymous_0)
FN:7,CancelledState
FN:11,(anonymous_2)
FN:14,(anonymous_3)
FN:17,(anonymous_4)
FN:20,(anonymous_5)
FN:23,(anonymous_6)
FN:26,(anonymous_7)
FNF:8
FNH:1
FNDA:2,(anonymous_0)
FNDA:0,CancelledState
FNDA:0,(anonymous_2)
FNDA:0,(anonymous_3)
FNDA:0,(anonymous_4)
FNDA:0,(anonymous_5)
FNDA:0,(anonymous_6)
FNDA:0,(anonymous_7)
DA:4,2
DA:8,0
DA:11,2
DA:12,0
DA:14,2
DA:15,0
DA:17,2
DA:18,0
DA:20,2
DA:21,0
DA:23,2
DA:24,0
DA:26,2
DA:27,0
DA:29,2
LF:15
LH:8
BRF:0
BRH:0
end_of_record
TN:
SF:src\Functions\OrderState\FinishedState.ts
FN:4,(anonymous_0)
FN:7,FinishedState
FN:11,(anonymous_2)
FN:14,(anonymous_3)
FN:17,(anonymous_4)
FN:20,(anonymous_5)
FN:23,(anonymous_6)
FN:26,(anonymous_7)
FNF:8
FNH:1
FNDA:2,(anonymous_0)
FNDA:0,FinishedState
FNDA:0,(anonymous_2)
FNDA:0,(anonymous_3)
FNDA:0,(anonymous_4)
FNDA:0,(anonymous_5)
FNDA:0,(anonymous_6)
FNDA:0,(anonymous_7)
DA:4,2
DA:8,0
DA:11,2
DA:12,0
DA:14,2
DA:15,0
DA:17,2
DA:18,0
DA:20,2
DA:21,0
DA:23,2
DA:24,0
DA:26,2
DA:27,0
DA:29,2
LF:15
LH:8
BRF:0
BRH:0
end_of_record
TN:
SF:src\Functions\OrderState\ProvisionedState.ts
FN:6,(anonymous_0)
FN:9,ProvisionedState
FN:13,(anonymous_2)
FN:17,(anonymous_3)
FN:21,(anonymous_4)
FN:25,(anonymous_5)
FN:29,(anonymous_6)
FN:33,(anonymous_7)
FNF:8
FNH:1
FNDA:2,(anonymous_0)
FNDA:0,ProvisionedState
FNDA:0,(anonymous_2)
FNDA:0,(anonymous_3)
FNDA:0,(anonymous_4)
FNDA:0,(anonymous_5)
FNDA:0,(anonymous_6)
FNDA:0,(anonymous_7)
DA:1,2
DA:2,2
DA:6,2
DA:10,0
DA:13,2
DA:14,0
DA:17,2
DA:18,0
DA:21,2
DA:22,0
DA:25,2
DA:26,0
DA:29,2
DA:30,0
DA:33,2
DA:34,0
DA:36,2
LF:17
LH:10
BRDA:34,0,0,0
BRF:1
BRH:0
end_of_record
TN:
SF:src\Functions\OrderState\SubmittedState.ts
FN:7,(anonymous_0)
FN:10,SubmittedState
FN:14,(anonymous_2)
FN:18,(anonymous_3)
FN:22,(anonymous_4)
FN:26,(anonymous_5)
FN:30,(anonymous_6)
FN:34,(anonymous_7)
FNF:8
FNH:1
FNDA:2,(anonymous_0)
FNDA:0,SubmittedState
FNDA:0,(anonymous_2)
FNDA:0,(anonymous_3)
FNDA:0,(anonymous_4)
FNDA:0,(anonymous_5)
FNDA:0,(anonymous_6)
FNDA:0,(anonymous_7)
DA:1,2
DA:2,2
DA:5,2
DA:7,2
DA:11,0
DA:14,2
DA:15,0
DA:18,2
DA:19,0
DA:22,2
DA:23,0
DA:26,2
DA:27,0
DA:30,2
DA:31,0
DA:34,2
DA:35,0
DA:36,0
DA:37,0
DA:40,2
LF:20
LH:11
BRDA:35,0,0,0
BRF:1
BRH:0
end_of_record
TN:
SF:src\Functions\OrderState\TemplateState.ts
FN:6,(anonymous_0)
FN:10,TemplateState
FN:14,(anonymous_2)
FN:17,(anonymous_3)
FN:20,(anonymous_4)
FN:23,(anonymous_5)
FN:27,(anonymous_6)
FN:30,(anonymous_7)
FNF:8
FNH:2
FNDA:2,(anonymous_0)
FNDA:11,TemplateState
FNDA:0,(anonymous_2)
FNDA:0,(anonymous_3)
FNDA:0,(anonymous_4)
FNDA:0,(anonymous_5)
FNDA:0,(anonymous_6)
FNDA:0,(anonymous_7)
DA:1,2
DA:4,2
DA:6,2
DA:11,11
DA:14,2
DA:15,0
DA:17,2
DA:18,0
DA:20,2
DA:21,0
DA:23,2
DA:24,0
DA:27,2
DA:28,0
DA:30,2
DA:31,0
DA:33,2
LF:17
LH:11
BRF:0
BRH:0
end_of_record
TN:
SF:src\Models\enumTypes.ts
FN:1,(anonymous_0)
FN:6,(anonymous_1)
FNF:2
FNH:2
FNDA:2,(anonymous_0)
FNDA:2,(anonymous_1)
DA:1,2
DA:2,2
DA:3,2
DA:6,2
DA:7,2
DA:8,2
LF:6
LH:6
BRDA:1,0,0,2
BRDA:1,0,1,2
BRDA:6,1,0,2
BRDA:6,1,1,2
BRF:4
BRH:4
end_of_record
TN:
SF:src\Models\movie.model.ts
FN:3,(anonymous_0)
FN:7,Movie
FN:11,(anonymous_2)
FN:15,(anonymous_3)
FNF:4
FNH:4
FNDA:2,(anonymous_0)
FNDA:10,Movie
FNDA:10,(anonymous_2)
FNDA:8,(anonymous_3)
DA:3,2
DA:5,10
DA:8,10
DA:11,2
DA:12,10
DA:15,2
DA:16,8
DA:18,2
LF:8
LH:8
BRF:0
BRH:0
end_of_record
TN:
SF:src\Models\movieTicket.model.ts
FN:7,(anonymous_0)
FN:15,MovieTicket
FN:38,(anonymous_2)
FN:42,(anonymous_3)
FN:46,(anonymous_4)
FNF:5
FNH:5
FNDA:2,(anonymous_0)
FNDA:29,MovieTicket
FNDA:25,(anonymous_2)
FNDA:5,(anonymous_3)
FNDA:4,(anonymous_4)
DA:3,2
DA:4,2
DA:5,2
DA:7,2
DA:22,29
DA:23,29
DA:24,29
DA:25,29
DA:26,29
DA:28,29
DA:30,13
DA:31,13
DA:33,16
DA:34,16
DA:38,2
DA:39,25
DA:42,2
DA:43,5
DA:46,2
DA:47,4
DA:52,2
LF:21
LH:21
BRDA:28,0,0,13
BRDA:28,0,1,16
BRDA:49,1,0,4
BRDA:49,1,1,0
BRF:4
BRH:3
end_of_record
TN:
SF:src\Models\moviescreening.model.ts
FN:3,(anonymous_0)
FN:9,MovieScreening
FN:16,(anonymous_2)
FN:20,(anonymous_3)
FN:24,(anonymous_4)
FNF:5
FNH:5
FNDA:2,(anonymous_0)
FNDA:10,MovieScreening
FNDA:25,(anonymous_2)
FNDA:5,(anonymous_3)
FNDA:4,(anonymous_4)
DA:3,2
DA:10,10
DA:11,10
DA:12,10
DA:13,10
DA:16,2
DA:17,25
DA:20,2
DA:21,5
DA:24,2
DA:25,4
DA:27,4
DA:28,4
DA:29,4
DA:30,4
DA:31,4
DA:32,4
DA:37,2
LF:18
LH:18
BRF:0
BRH:0
end_of_record
TN:
SF:src\Models\order.model.ts
FN:10,(anonymous_0)
FN:17,Order
FN:22,(anonymous_2)
FN:26,(anonymous_3)
FN:30,(anonymous_4)
FN:55,(anonymous_5)
FN:64,(anonymous_6)
FN:77,(anonymous_7)
FN:81,(anonymous_8)
FN:85,(anonymous_9)
FN:89,(anonymous_10)
FN:93,(anonymous_11)
FNF:12
FNH:8
FNDA:2,(anonymous_0)
FNDA:11,Order
FNDA:5,(anonymous_2)
FNDA:29,(anonymous_3)
FNDA:8,(anonymous_4)
FNDA:5,(anonymous_5)
FNDA:4,(anonymous_6)
FNDA:2,(anonymous_7)
FNDA:0,(anonymous_8)
FNDA:0,(anonymous_9)
FNDA:0,(anonymous_10)
FNDA:0,(anonymous_11)
DA:1,2
DA:2,2
DA:6,2
DA:7,2
DA:10,2
DA:12,11
DA:15,11
DA:18,11
DA:19,11
DA:22,2
DA:23,5
DA:26,2
DA:27,29
DA:30,2
DA:31,8
DA:32,8
DA:34,8
DA:35,25
DA:36,25
DA:38,25
DA:39,18
DA:40,10
DA:43,7
DA:47,8
DA:48,1
DA:51,8
DA:55,2
DA:56,5
DA:57,5
DA:58,5
DA:60,5
DA:64,2
DA:65,4
DA:67,2
DA:68,2
DA:69,2
DA:71,2
DA:72,2
DA:73,2
DA:77,2
DA:78,2
DA:81,2
DA:82,0
DA:85,2
DA:86,0
DA:89,2
DA:90,0
DA:93,2
DA:94,0
DA:96,2
LF:50
LH:46
BRDA:32,0,0,8
BRDA:32,0,1,3
BRDA:38,1,0,18
BRDA:38,1,1,7
BRDA:39,2,0,10
BRDA:47,3,0,1
BRDA:47,4,0,8
BRDA:47,4,1,3
BRDA:47,4,2,2
BRDA:60,5,0,3
BRDA:60,5,1,2
BRDA:65,6,0,2
BRDA:65,6,1,2
BRF:13
BRH:13
end_of_record
