TN:
SF:src\Functions\CheckPremium\normalPremium.ts
FN:4,(anonymous_0)
FN:6,(anonymous_2)
FN:11,(anonymous_3)
FN:15,(anonymous_4)
FNF:4
FNH:1
FNDA:2,(anonymous_0)
FNDA:0,(anonymous_2)
FNDA:0,(anonymous_3)
FNDA:0,(anonymous_4)
DA:4,1
DA:6,1
DA:7,0
DA:8,0
DA:11,1
DA:12,0
DA:15,1
DA:16,0
DA:18,1
LF:9
LH:5
BRDA:8,0,0,0
BRDA:8,0,1,0
BRDA:12,1,0,0
BRDA:12,1,1,0
BRF:4
BRH:0
end_of_record
TN:
SF:src\Functions\CheckPremium\studentPremium.ts
FN:4,(anonymous_0)
FN:6,(anonymous_2)
FN:10,(anonymous_3)
FN:14,(anonymous_4)
FNF:4
FNH:4
FNDA:3,(anonymous_0)
FNDA:2,(anonymous_2)
FNDA:3,(anonymous_3)
FNDA:2,(anonymous_4)
DA:4,1
DA:6,1
DA:7,2
DA:10,1
DA:11,3
DA:14,1
DA:15,2
DA:17,1
LF:8
LH:8
BRDA:11,0,0,3
BRDA:11,0,1,0
BRF:2
BRH:1
end_of_record
TN:
SF:src\Models\enumTypes.ts
FN:1,(anonymous_0)
FN:6,(anonymous_1)
FNF:2
FNH:2
FNDA:1,(anonymous_0)
FNDA:1,(anonymous_1)
DA:1,1
DA:2,1
DA:3,1
DA:6,1
DA:7,1
DA:8,1
LF:6
LH:6
BRDA:1,0,0,1
BRDA:1,0,1,1
BRDA:6,1,0,1
BRDA:6,1,1,1
BRF:4
BRH:4
end_of_record
TN:
SF:src\Models\movie.model.ts
FN:3,(anonymous_0)
FN:7,Movie
FN:11,(anonymous_2)
FN:15,(anonymous_3)
FNF:4
FNH:3
FNDA:1,(anonymous_0)
FNDA:2,Movie
FNDA:2,(anonymous_2)
FNDA:0,(anonymous_3)
DA:3,1
DA:5,2
DA:8,2
DA:11,1
DA:12,2
DA:15,1
DA:16,0
DA:18,1
LF:8
LH:7
BRF:0
BRH:0
end_of_record
TN:
SF:src\Models\movieTicket.model.ts
FN:3,(anonymous_0)
FN:9,MovieTicket
FN:21,(anonymous_2)
FN:25,(anonymous_3)
FN:29,(anonymous_4)
FN:33,(anonymous_5)
FNF:6
FNH:5
FNDA:1,(anonymous_0)
FNDA:3,MovieTicket
FNDA:3,(anonymous_2)
FNDA:3,(anonymous_3)
FNDA:2,(anonymous_4)
FNDA:0,(anonymous_5)
DA:3,1
DA:15,3
DA:16,3
DA:17,3
DA:18,3
DA:21,1
DA:22,3
DA:25,1
DA:26,3
DA:29,1
DA:30,2
DA:33,1
DA:34,0
DA:38,1
LF:14
LH:13
BRDA:34,0,0,0
BRDA:34,0,1,0
BRF:2
BRH:0
end_of_record
TN:
SF:src\Models\moviescreening.model.ts
FN:3,(anonymous_0)
FN:10,MovieScreening
FN:17,(anonymous_2)
FN:21,(anonymous_3)
FN:25,(anonymous_4)
FNF:5
FNH:4
FNDA:1,(anonymous_0)
FNDA:2,MovieScreening
FNDA:3,(anonymous_2)
FNDA:2,(anonymous_3)
FNDA:0,(anonymous_4)
DA:3,1
DA:11,2
DA:12,2
DA:13,2
DA:14,2
DA:17,1
DA:18,3
DA:21,1
DA:22,2
DA:25,1
DA:26,0
DA:28,0
DA:29,0
DA:30,0
DA:31,0
DA:32,0
DA:33,0
DA:35,1
LF:18
LH:11
BRF:0
BRH:0
end_of_record
TN:
SF:src\Models\order.model.ts
FN:8,(anonymous_0)
FN:14,Order
FN:29,(anonymous_2)
FN:33,(anonymous_3)
FN:37,(anonymous_4)
FN:63,(anonymous_5)
FN:72,(anonymous_6)
FN:80,(anonymous_7)
FNF:8
FNH:6
FNDA:1,(anonymous_0)
FNDA:3,Order
FNDA:1,(anonymous_2)
FNDA:3,(anonymous_3)
FNDA:2,(anonymous_4)
FNDA:2,(anonymous_5)
FNDA:0,(anonymous_6)
FNDA:0,(anonymous_7)
DA:2,1
DA:3,1
DA:5,1
DA:8,1
DA:10,3
DA:15,3
DA:16,3
DA:18,3
DA:20,2
DA:21,2
DA:24,1
DA:25,1
DA:29,1
DA:30,1
DA:33,1
DA:34,3
DA:37,1
DA:38,2
DA:39,2
DA:40,2
DA:42,2
DA:43,3
DA:44,3
DA:45,3
DA:46,3
DA:47,2
DA:50,0
DA:55,2
DA:56,0
DA:59,2
DA:63,1
DA:64,2
DA:65,2
DA:66,2
DA:68,2
DA:72,1
DA:73,0
DA:74,0
DA:76,0
DA:80,1
DA:81,0
DA:83,1
LF:42
LH:36
BRDA:18,0,0,2
BRDA:18,0,1,1
BRDA:45,1,0,3
BRDA:45,1,1,0
BRDA:46,2,0,2
BRDA:55,3,0,0
BRDA:68,4,0,1
BRDA:68,4,1,1
BRF:8
BRH:6
end_of_record
